\BOOKMARK [1][-]{section.1}{\376\377\137\025\000\040\000\040\212\000}{}% 1
\BOOKMARK [1][-]{section.2}{\376\377\133\236\232\214\123\237\164\006}{}% 2
\BOOKMARK [2][-]{subsection.2.1}{\376\377\000P\000I\000D\143\247\122\066\123\237\164\006}{section.2}% 3
\BOOKMARK [2][-]{subsection.2.2}{\376\377\174\373\176\337\213\276\213\241\155\101\172\013\126\376}{section.2}% 4
\BOOKMARK [2][-]{subsection.2.3}{\376\377\174\373\176\337\123\302\145\160\116\313\176\315}{section.2}% 5
\BOOKMARK [1][-]{section.3}{\376\377\133\236\232\214\217\307\172\013}{}% 6
\BOOKMARK [2][-]{subsection.3.1}{\376\377\174\373\176\337\213\276\213\241\155\101\172\013\126\376}{section.3}% 7
\BOOKMARK [2][-]{subsection.3.2}{\376\377\143\247\122\066\166\356\150\007\116\016\133\236\232\214\211\201\154\102}{section.3}% 8
\BOOKMARK [3][-]{subsubsection.3.2.1}{\376\377\236\273\221\211\217\307\172\013\116\055\166\204\210\100\123\213\143\247\122\066\174\373\176\337\143\247\122\066\166\356\150\007}{subsection.3.2}% 9
\BOOKMARK [3][-]{subsubsection.3.2.2}{\376\377\213\345\143\247\122\066\174\373\176\337\166\204\133\236\232\214\213\276\213\241\211\201\154\102}{subsection.3.2}% 10
\BOOKMARK [2][-]{subsection.3.3}{\376\377\174\373\176\337\213\276\213\241}{section.3}% 11
\BOOKMARK [2][-]{subsection.3.4}{\376\377\117\040\220\022\121\375\145\160\213\276\213\241\116\016\211\343\147\220}{section.3}% 12
\BOOKMARK [2][-]{subsection.3.5}{\376\377\000P\000I\000D\174\373\176\337\117\040\220\022\121\375\145\160}{section.3}% 13
\BOOKMARK [2][-]{subsection.3.6}{\376\377\116\377\167\037\176\306\202\202\116\016\176\323\147\234\134\125\171\072}{section.3}% 14
\BOOKMARK [3][-]{subsubsection.3.6.1}{\376\377\123\237\174\373\176\337}{subsection.3.6}% 15
\BOOKMARK [3][-]{subsubsection.3.6.2}{\376\377\000P\000I\143\247\122\066\126\150}{subsection.3.6}% 16
\BOOKMARK [3][-]{subsubsection.3.6.3}{\376\377\000P\000D\143\247\122\066\126\150}{subsection.3.6}% 17
\BOOKMARK [3][-]{subsubsection.3.6.4}{\376\377\000P\000I\000D\143\247\122\066\126\150}{subsection.3.6}% 18
\BOOKMARK [3][-]{subsubsection.3.6.5}{\376\377\226\066\215\303\142\160\122\250\124\315\136\224\116\013\166\204\000P\000I\000D\143\247\122\066\126\150}{subsection.3.6}% 19
\BOOKMARK [1][-]{section.4}{\376\377\133\236\232\214\122\006\147\220\116\016\176\323\213\272}{}% 20
\BOOKMARK [2][-]{subsection.4.1}{\376\377\176\323\213\272}{section.4}% 21
\BOOKMARK [2][-]{subsection.4.2}{\376\377\147\000\117\030\123\302\145\160}{section.4}% 22
